<?xml version="1.0" encoding="UTF-8"?>
<!-- Generated by org.testng.reporters.JUnitXMLReporter -->
<testsuite ignored="0" hostname="Rufais-MacBook-Air.local" failures="0" tests="24" name="All Tests" time="102.428" errors="0" timestamp="2026-03-27T22:58:07 GMT+06:00">
  <testcase classname="com.softwrdassessment.tests.CheckoutTest" name="testFullPurchaseFlow" time="0.17"/>
  <testcase classname="com.softwrdassessment.tests.CheckoutTest" name="testCheckoutBlockedMissingFields" time="0.116"/>
  <testcase classname="com.softwrdassessment.tests.CheckoutTest" name="testCheckoutBlockedMissingFields" time="0.111"/>
  <testcase classname="com.softwrdassessment.tests.CheckoutTest" name="testCheckoutBlockedMissingFields" time="0.112"/>
  <testcase classname="com.softwrdassessment.tests.CheckoutTest" name="testOrderSummaryMath" time="0.139"/>
  <testcase classname="com.softwrdassessment.tests.CatalogTest" name="testProductListingLoads" time="0.095"/>
  <testcase classname="com.softwrdassessment.tests.CatalogTest" name="testSortNameAZ" time="0.057"/>
  <testcase classname="com.softwrdassessment.tests.CatalogTest" name="testSortNameZA" time="0.063"/>
  <testcase classname="com.softwrdassessment.tests.CatalogTest" name="testSortPriceLowToHigh" time="0.062"/>
  <testcase classname="com.softwrdassessment.tests.CatalogTest" name="testSortPriceHighToLow" time="0.061"/>
  <testcase classname="com.softwrdassessment.tests.CatalogTest" name="testProblemUserImages" time="0.244"/>
  <testcase classname="com.softwrdassessment.tests.AuthTest" name="testSuccessfulLogin" time="0.24"/>
  <testcase classname="com.softwrdassessment.tests.AuthTest" name="testInvalidLogin" time="0.171"/>
  <testcase classname="com.softwrdassessment.tests.AuthTest" name="testInvalidLogin" time="0.177"/>
  <testcase classname="com.softwrdassessment.tests.AuthTest" name="testInvalidLogin" time="0.166"/>
  <testcase classname="com.softwrdassessment.tests.AuthTest" name="testInvalidLogin" time="0.17"/>
  <testcase classname="com.softwrdassessment.tests.AuthTest" name="testLockedOutUser" time="0.165"/>
  <testcase classname="com.softwrdassessment.tests.AuthTest" name="testSessionPersistenceAndLogout" time="1.267"/>
  <testcase classname="com.softwrdassessment.tests.PerformanceTest" name="testPerformanceGlitchUserLogin" time="5.251"/>
  <testcase classname="com.softwrdassessment.tests.PerformanceTest" name="testErrorUserActions" time="21.019"/>
  <testcase classname="com.softwrdassessment.tests.CartTest" name="testAddSingleItem" time="0.049"/>
  <testcase classname="com.softwrdassessment.tests.CartTest" name="testAddMultipleItems" time="0.134"/>
  <testcase classname="com.softwrdassessment.tests.CartTest" name="testRemoveItem" time="0.12"/>
  <testcase classname="com.softwrdassessment.tests.CartTest" name="testCartPersistence" time="0.286"/>
</testsuite> <!-- All Tests -->
