<?xml version="1.0" encoding="UTF-8"?>
<!-- Generated by org.testng.reporters.JUnitXMLReporter -->
<testsuite ignored="0" hostname="Rufais-MacBook-Air.local" failures="0" tests="24" name="All Tests" time="258.342" errors="0" timestamp="2026-03-27T21:18:04 GMT+06:00">
  <testcase classname="com.softwrdassessment.tests.CheckoutTest" name="testFullPurchaseFlow" time="0.167"/>
  <testcase classname="com.softwrdassessment.tests.CheckoutTest" name="testCheckoutBlockedMissingFields" time="0.117"/>
  <testcase classname="com.softwrdassessment.tests.CheckoutTest" name="testCheckoutBlockedMissingFields" time="0.11"/>
  <testcase classname="com.softwrdassessment.tests.CheckoutTest" name="testCheckoutBlockedMissingFields" time="0.108"/>
  <testcase classname="com.softwrdassessment.tests.CheckoutTest" name="testOrderSummaryMath" time="0.139"/>
  <testcase classname="com.softwrdassessment.tests.CatalogTest" name="testProductListingLoads" time="0.1"/>
  <testcase classname="com.softwrdassessment.tests.CatalogTest" name="testSortNameAZ" time="0.057"/>
  <testcase classname="com.softwrdassessment.tests.CatalogTest" name="testSortNameZA" time="0.063"/>
  <testcase classname="com.softwrdassessment.tests.CatalogTest" name="testSortPriceLowToHigh" time="0.065"/>
  <testcase classname="com.softwrdassessment.tests.CatalogTest" name="testSortPriceHighToLow" time="0.065"/>
  <testcase classname="com.softwrdassessment.tests.CatalogTest" name="testProblemUserImages" time="0.786"/>
  <testcase classname="com.softwrdassessment.tests.AuthTest" name="testSuccessfulLogin" time="0.197"/>
  <testcase classname="com.softwrdassessment.tests.AuthTest" name="testInvalidLogin" time="0.189"/>
  <testcase classname="com.softwrdassessment.tests.AuthTest" name="testInvalidLogin" time="0.179"/>
  <testcase classname="com.softwrdassessment.tests.AuthTest" name="testInvalidLogin" time="0.187"/>
  <testcase classname="com.softwrdassessment.tests.AuthTest" name="testInvalidLogin" time="0.187"/>
  <testcase classname="com.softwrdassessment.tests.AuthTest" name="testLockedOutUser" time="0.189"/>
  <testcase classname="com.softwrdassessment.tests.AuthTest" name="testSessionPersistenceAndLogout" time="2.051"/>
  <testcase classname="com.softwrdassessment.tests.PerformanceTest" name="testPerformanceGlitchUserLogin" time="5.257"/>
  <testcase classname="com.softwrdassessment.tests.PerformanceTest" name="testErrorUserActions" time="21.183"/>
  <testcase classname="com.softwrdassessment.tests.CartTest" name="testAddSingleItem" time="0.06"/>
  <testcase classname="com.softwrdassessment.tests.CartTest" name="testAddMultipleItems" time="0.137"/>
  <testcase classname="com.softwrdassessment.tests.CartTest" name="testRemoveItem" time="0.119"/>
  <testcase classname="com.softwrdassessment.tests.CartTest" name="testCartPersistence" time="0.343"/>
</testsuite> <!-- All Tests -->
