<?xml version="1.0" encoding="UTF-8"?>
<testng-results ignored="0" total="24" passed="24" failed="0" skipped="0">
  <reporter-output>
  </reporter-output>
  <suite started-at="2026-03-27T22:56:25 GMT+06:00" name="SauceDemo Test Suite" finished-at="2026-03-27T22:58:07 GMT+06:00" duration-ms="102428">
    <groups>
    </groups>
    <test started-at="2026-03-27T22:56:25 GMT+06:00" name="All Tests" finished-at="2026-03-27T22:58:07 GMT+06:00" duration-ms="102428">
      <class name="com.softwrdassessment.tests.CheckoutTest">
        <test-method is-config="true" signature="setUp()[pri:0, instance:com.softwrdassessment.tests.CheckoutTest@7004e3d]" started-at="2026-03-27T22:56:25 GMT+06:00" name="setUp" finished-at="2026-03-27T22:56:30 GMT+06:00" duration-ms="5343" status="PASS">
          <reporter-output>
          </reporter-output>
        </test-method> <!-- setUp -->
        <test-method is-config="true" signature="setupCheckout()[pri:0, instance:com.softwrdassessment.tests.CheckoutTest@7004e3d]" started-at="2026-03-27T22:56:30 GMT+06:00" name="setupCheckout" finished-at="2026-03-27T22:56:31 GMT+06:00" duration-ms="401" status="PASS">
          <reporter-output>
          </reporter-output>
        </test-method> <!-- setupCheckout -->
        <test-method signature="testFullPurchaseFlow()[pri:1, instance:com.softwrdassessment.tests.CheckoutTest@7004e3d]" started-at="2026-03-27T22:56:31 GMT+06:00" name="testFullPurchaseFlow" description="Complete a full purchase with valid details and verify confirmation screen content" finished-at="2026-03-27T22:56:31 GMT+06:00" duration-ms="170" status="PASS">
          <reporter-output>
          </reporter-output>
        </test-method> <!-- testFullPurchaseFlow -->
        <test-method is-config="true" signature="tearDown()[pri:0, instance:com.softwrdassessment.tests.CheckoutTest@7004e3d]" started-at="2026-03-27T22:56:31 GMT+06:00" name="tearDown" finished-at="2026-03-27T22:56:31 GMT+06:00" duration-ms="85" status="PASS">
          <reporter-output>
          </reporter-output>
        </test-method> <!-- tearDown -->
        <test-method is-config="true" signature="setUp()[pri:0, instance:com.softwrdassessment.tests.CheckoutTest@7004e3d]" started-at="2026-03-27T22:56:31 GMT+06:00" name="setUp" finished-at="2026-03-27T22:56:33 GMT+06:00" duration-ms="2296" status="PASS">
          <reporter-output>
          </reporter-output>
        </test-method> <!-- setUp -->
        <test-method is-config="true" signature="setupCheckout()[pri:0, instance:com.softwrdassessment.tests.CheckoutTest@7004e3d]" started-at="2026-03-27T22:56:33 GMT+06:00" name="setupCheckout" finished-at="2026-03-27T22:56:34 GMT+06:00" duration-ms="344" status="PASS">
          <reporter-output>
          </reporter-output>
        </test-method> <!-- setupCheckout -->
        <test-method signature="testCheckoutBlockedMissingFields(java.lang.String,java.lang.String,java.lang.String,java.lang.String)[pri:2, instance:com.softwrdassessment.tests.CheckoutTest@7004e3d]" started-at="2026-03-27T22:56:34 GMT+06:00" name="testCheckoutBlockedMissingFields" description="Checkout blocked when required fields are missing" data-provider="missingFieldsData" finished-at="2026-03-27T22:56:34 GMT+06:00" duration-ms="116" status="PASS">
          <params>
            <param index="0">
              <value>
                <![CDATA[]]>
              </value>
            </param>
            <param index="1">
              <value>
                <![CDATA[Doe]]>
              </value>
            </param>
            <param index="2">
              <value>
                <![CDATA[12345]]>
              </value>
            </param>
            <param index="3">
              <value>
                <![CDATA[Error: First Name is required]]>
              </value>
            </param>
          </params>
          <reporter-output>
          </reporter-output>
        </test-method> <!-- testCheckoutBlockedMissingFields -->
        <test-method is-config="true" signature="tearDown()[pri:0, instance:com.softwrdassessment.tests.CheckoutTest@7004e3d]" started-at="2026-03-27T22:56:34 GMT+06:00" name="tearDown" finished-at="2026-03-27T22:56:34 GMT+06:00" duration-ms="84" status="PASS">
          <reporter-output>
          </reporter-output>
        </test-method> <!-- tearDown -->
        <test-method is-config="true" signature="setUp()[pri:0, instance:com.softwrdassessment.tests.CheckoutTest@7004e3d]" started-at="2026-03-27T22:56:34 GMT+06:00" name="setUp" finished-at="2026-03-27T22:56:36 GMT+06:00" duration-ms="2144" status="PASS">
          <reporter-output>
          </reporter-output>
        </test-method> <!-- setUp -->
        <test-method is-config="true" signature="setupCheckout()[pri:0, instance:com.softwrdassessment.tests.CheckoutTest@7004e3d]" started-at="2026-03-27T22:56:36 GMT+06:00" name="setupCheckout" finished-at="2026-03-27T22:56:36 GMT+06:00" duration-ms="349" status="PASS">
          <reporter-output>
          </reporter-output>
        </test-method> <!-- setupCheckout -->
        <test-method signature="testCheckoutBlockedMissingFields(java.lang.String,java.lang.String,java.lang.String,java.lang.String)[pri:2, instance:com.softwrdassessment.tests.CheckoutTest@7004e3d]" started-at="2026-03-27T22:56:36 GMT+06:00" name="testCheckoutBlockedMissingFields" description="Checkout blocked when required fields are missing" data-provider="missingFieldsData" finished-at="2026-03-27T22:56:36 GMT+06:00" duration-ms="111" status="PASS">
          <params>
            <param index="0">
              <value>
                <![CDATA[John]]>
              </value>
            </param>
            <param index="1">
              <value>
                <![CDATA[]]>
              </value>
            </param>
            <param index="2">
              <value>
                <![CDATA[12345]]>
              </value>
            </param>
            <param index="3">
              <value>
                <![CDATA[Error: Last Name is required]]>
              </value>
            </param>
          </params>
          <reporter-output>
          </reporter-output>
        </test-method> <!-- testCheckoutBlockedMissingFields -->
        <test-method is-config="true" signature="tearDown()[pri:0, instance:com.softwrdassessment.tests.CheckoutTest@7004e3d]" started-at="2026-03-27T22:56:36 GMT+06:00" name="tearDown" finished-at="2026-03-27T22:56:36 GMT+06:00" duration-ms="84" status="PASS">
          <reporter-output>
          </reporter-output>
        </test-method> <!-- tearDown -->
        <test-method is-config="true" signature="setUp()[pri:0, instance:com.softwrdassessment.tests.CheckoutTest@7004e3d]" started-at="2026-03-27T22:56:36 GMT+06:00" name="setUp" finished-at="2026-03-27T22:56:39 GMT+06:00" duration-ms="2113" status="PASS">
          <reporter-output>
          </reporter-output>
        </test-method> <!-- setUp -->
        <test-method is-config="true" signature="setupCheckout()[pri:0, instance:com.softwrdassessment.tests.CheckoutTest@7004e3d]" started-at="2026-03-27T22:56:39 GMT+06:00" name="setupCheckout" finished-at="2026-03-27T22:56:39 GMT+06:00" duration-ms="382" status="PASS">
          <reporter-output>
          </reporter-output>
        </test-method> <!-- setupCheckout -->
        <test-method signature="testCheckoutBlockedMissingFields(java.lang.String,java.lang.String,java.lang.String,java.lang.String)[pri:2, instance:com.softwrdassessment.tests.CheckoutTest@7004e3d]" started-at="2026-03-27T22:56:39 GMT+06:00" name="testCheckoutBlockedMissingFields" description="Checkout blocked when required fields are missing" data-provider="missingFieldsData" finished-at="2026-03-27T22:56:39 GMT+06:00" duration-ms="112" status="PASS">
          <params>
            <param index="0">
              <value>
                <![CDATA[John]]>
              </value>
            </param>
            <param index="1">
              <value>
                <![CDATA[Doe]]>
              </value>
            </param>
            <param index="2">
              <value>
                <![CDATA[]]>
              </value>
            </param>
            <param index="3">
              <value>
                <![CDATA[Error: Postal Code is required]]>
              </value>
            </param>
          </params>
          <reporter-output>
          </reporter-output>
        </test-method> <!-- testCheckoutBlockedMissingFields -->
        <test-method is-config="true" signature="tearDown()[pri:0, instance:com.softwrdassessment.tests.CheckoutTest@7004e3d]" started-at="2026-03-27T22:56:39 GMT+06:00" name="tearDown" finished-at="2026-03-27T22:56:39 GMT+06:00" duration-ms="84" status="PASS">
          <reporter-output>
          </reporter-output>
        </test-method> <!-- tearDown -->
        <test-method is-config="true" signature="setUp()[pri:0, instance:com.softwrdassessment.tests.CheckoutTest@7004e3d]" started-at="2026-03-27T22:56:39 GMT+06:00" name="setUp" finished-at="2026-03-27T22:56:41 GMT+06:00" duration-ms="2187" status="PASS">
          <reporter-output>
          </reporter-output>
        </test-method> <!-- setUp -->
        <test-method is-config="true" signature="setupCheckout()[pri:0, instance:com.softwrdassessment.tests.CheckoutTest@7004e3d]" started-at="2026-03-27T22:56:41 GMT+06:00" name="setupCheckout" finished-at="2026-03-27T22:56:42 GMT+06:00" duration-ms="315" status="PASS">
          <reporter-output>
          </reporter-output>
        </test-method> <!-- setupCheckout -->
        <test-method signature="testOrderSummaryMath()[pri:3, instance:com.softwrdassessment.tests.CheckoutTest@7004e3d]" started-at="2026-03-27T22:56:42 GMT+06:00" name="testOrderSummaryMath" description="Verify order summary is mathematically correct" finished-at="2026-03-27T22:56:42 GMT+06:00" duration-ms="139" status="PASS">
          <reporter-output>
          </reporter-output>
        </test-method> <!-- testOrderSummaryMath -->
        <test-method is-config="true" signature="tearDown()[pri:0, instance:com.softwrdassessment.tests.CheckoutTest@7004e3d]" started-at="2026-03-27T22:56:42 GMT+06:00" name="tearDown" finished-at="2026-03-27T22:56:42 GMT+06:00" duration-ms="84" status="PASS">
          <reporter-output>
          </reporter-output>
        </test-method> <!-- tearDown -->
      </class> <!-- com.softwrdassessment.tests.CheckoutTest -->
      <class name="com.softwrdassessment.tests.CartTest">
        <test-method is-config="true" signature="setUp()[pri:0, instance:com.softwrdassessment.tests.CartTest@30cecdca]" started-at="2026-03-27T22:57:57 GMT+06:00" name="setUp" finished-at="2026-03-27T22:57:59 GMT+06:00" duration-ms="2206" status="PASS">
          <reporter-output>
          </reporter-output>
        </test-method> <!-- setUp -->
        <test-method is-config="true" signature="setUpCartTest()[pri:0, instance:com.softwrdassessment.tests.CartTest@30cecdca]" started-at="2026-03-27T22:57:59 GMT+06:00" name="setUpCartTest" finished-at="2026-03-27T22:57:59 GMT+06:00" duration-ms="226" status="PASS">
          <reporter-output>
          </reporter-output>
        </test-method> <!-- setUpCartTest -->
        <test-method signature="testAddSingleItem()[pri:1, instance:com.softwrdassessment.tests.CartTest@30cecdca]" started-at="2026-03-27T22:57:59 GMT+06:00" name="testAddSingleItem" description="Add a single item and verify cart badge updates" finished-at="2026-03-27T22:57:59 GMT+06:00" duration-ms="49" status="PASS">
          <reporter-output>
          </reporter-output>
        </test-method> <!-- testAddSingleItem -->
        <test-method is-config="true" signature="tearDown()[pri:0, instance:com.softwrdassessment.tests.CartTest@30cecdca]" started-at="2026-03-27T22:57:59 GMT+06:00" name="tearDown" finished-at="2026-03-27T22:57:59 GMT+06:00" duration-ms="83" status="PASS">
          <reporter-output>
          </reporter-output>
        </test-method> <!-- tearDown -->
        <test-method is-config="true" signature="setUp()[pri:0, instance:com.softwrdassessment.tests.CartTest@30cecdca]" started-at="2026-03-27T22:57:59 GMT+06:00" name="setUp" finished-at="2026-03-27T22:58:01 GMT+06:00" duration-ms="2154" status="PASS">
          <reporter-output>
          </reporter-output>
        </test-method> <!-- setUp -->
        <test-method is-config="true" signature="setUpCartTest()[pri:0, instance:com.softwrdassessment.tests.CartTest@30cecdca]" started-at="2026-03-27T22:58:01 GMT+06:00" name="setUpCartTest" finished-at="2026-03-27T22:58:02 GMT+06:00" duration-ms="222" status="PASS">
          <reporter-output>
          </reporter-output>
        </test-method> <!-- setUpCartTest -->
        <test-method signature="testAddMultipleItems()[pri:2, instance:com.softwrdassessment.tests.CartTest@30cecdca]" started-at="2026-03-27T22:58:02 GMT+06:00" name="testAddMultipleItems" description="Add multiple items and verify all appear in cart" finished-at="2026-03-27T22:58:02 GMT+06:00" duration-ms="134" status="PASS">
          <reporter-output>
          </reporter-output>
        </test-method> <!-- testAddMultipleItems -->
        <test-method is-config="true" signature="tearDown()[pri:0, instance:com.softwrdassessment.tests.CartTest@30cecdca]" started-at="2026-03-27T22:58:02 GMT+06:00" name="tearDown" finished-at="2026-03-27T22:58:02 GMT+06:00" duration-ms="83" status="PASS">
          <reporter-output>
          </reporter-output>
        </test-method> <!-- tearDown -->
        <test-method is-config="true" signature="setUp()[pri:0, instance:com.softwrdassessment.tests.CartTest@30cecdca]" started-at="2026-03-27T22:58:02 GMT+06:00" name="setUp" finished-at="2026-03-27T22:58:04 GMT+06:00" duration-ms="2256" status="PASS">
          <reporter-output>
          </reporter-output>
        </test-method> <!-- setUp -->
        <test-method is-config="true" signature="setUpCartTest()[pri:0, instance:com.softwrdassessment.tests.CartTest@30cecdca]" started-at="2026-03-27T22:58:04 GMT+06:00" name="setUpCartTest" finished-at="2026-03-27T22:58:04 GMT+06:00" duration-ms="224" status="PASS">
          <reporter-output>
          </reporter-output>
        </test-method> <!-- setUpCartTest -->
        <test-method signature="testRemoveItem()[pri:3, instance:com.softwrdassessment.tests.CartTest@30cecdca]" started-at="2026-03-27T22:58:04 GMT+06:00" name="testRemoveItem" description="Remove an item from the cart and verify cart state" finished-at="2026-03-27T22:58:04 GMT+06:00" duration-ms="120" status="PASS">
          <reporter-output>
          </reporter-output>
        </test-method> <!-- testRemoveItem -->
        <test-method is-config="true" signature="tearDown()[pri:0, instance:com.softwrdassessment.tests.CartTest@30cecdca]" started-at="2026-03-27T22:58:04 GMT+06:00" name="tearDown" finished-at="2026-03-27T22:58:04 GMT+06:00" duration-ms="83" status="PASS">
          <reporter-output>
          </reporter-output>
        </test-method> <!-- tearDown -->
        <test-method is-config="true" signature="setUp()[pri:0, instance:com.softwrdassessment.tests.CartTest@30cecdca]" started-at="2026-03-27T22:58:04 GMT+06:00" name="setUp" finished-at="2026-03-27T22:58:07 GMT+06:00" duration-ms="2257" status="PASS">
          <reporter-output>
          </reporter-output>
        </test-method> <!-- setUp -->
        <test-method is-config="true" signature="setUpCartTest()[pri:0, instance:com.softwrdassessment.tests.CartTest@30cecdca]" started-at="2026-03-27T22:58:07 GMT+06:00" name="setUpCartTest" finished-at="2026-03-27T22:58:07 GMT+06:00" duration-ms="231" status="PASS">
          <reporter-output>
          </reporter-output>
        </test-method> <!-- setUpCartTest -->
        <test-method signature="testCartPersistence()[pri:4, instance:com.softwrdassessment.tests.CartTest@30cecdca]" started-at="2026-03-27T22:58:07 GMT+06:00" name="testCartPersistence" description="Cart persists across page navigation" finished-at="2026-03-27T22:58:07 GMT+06:00" duration-ms="286" status="PASS">
          <reporter-output>
          </reporter-output>
        </test-method> <!-- testCartPersistence -->
        <test-method is-config="true" signature="tearDown()[pri:0, instance:com.softwrdassessment.tests.CartTest@30cecdca]" started-at="2026-03-27T22:58:07 GMT+06:00" name="tearDown" finished-at="2026-03-27T22:58:07 GMT+06:00" duration-ms="85" status="PASS">
          <reporter-output>
          </reporter-output>
        </test-method> <!-- tearDown -->
      </class> <!-- com.softwrdassessment.tests.CartTest -->
      <class name="com.softwrdassessment.tests.AuthTest">
        <test-method is-config="true" signature="setUp()[pri:0, instance:com.softwrdassessment.tests.AuthTest@6079cf5]" started-at="2026-03-27T22:56:57 GMT+06:00" name="setUp" finished-at="2026-03-27T22:56:59 GMT+06:00" duration-ms="2126" status="PASS">
          <reporter-output>
          </reporter-output>
        </test-method> <!-- setUp -->
        <test-method signature="testSuccessfulLogin()[pri:1, instance:com.softwrdassessment.tests.AuthTest@6079cf5]" started-at="2026-03-27T22:56:59 GMT+06:00" name="testSuccessfulLogin" description="Successful login with valid credentials" finished-at="2026-03-27T22:57:00 GMT+06:00" duration-ms="240" status="PASS">
          <reporter-output>
          </reporter-output>
        </test-method> <!-- testSuccessfulLogin -->
        <test-method is-config="true" signature="tearDown()[pri:0, instance:com.softwrdassessment.tests.AuthTest@6079cf5]" started-at="2026-03-27T22:57:00 GMT+06:00" name="tearDown" finished-at="2026-03-27T22:57:00 GMT+06:00" duration-ms="83" status="PASS">
          <reporter-output>
          </reporter-output>
        </test-method> <!-- tearDown -->
        <test-method is-config="true" signature="setUp()[pri:0, instance:com.softwrdassessment.tests.AuthTest@6079cf5]" started-at="2026-03-27T22:57:00 GMT+06:00" name="setUp" finished-at="2026-03-27T22:57:02 GMT+06:00" duration-ms="2187" status="PASS">
          <reporter-output>
          </reporter-output>
        </test-method> <!-- setUp -->
        <test-method signature="testInvalidLogin(java.lang.String,java.lang.String,java.lang.String)[pri:2, instance:com.softwrdassessment.tests.AuthTest@6079cf5]" started-at="2026-03-27T22:57:02 GMT+06:00" name="testInvalidLogin" description="Login failure with invalid credentials" data-provider="invalidLoginData" finished-at="2026-03-27T22:57:02 GMT+06:00" duration-ms="171" status="PASS">
          <params>
            <param index="0">
              <value>
                <![CDATA[invalid_user]]>
              </value>
            </param>
            <param index="1">
              <value>
                <![CDATA[wrong_password]]>
              </value>
            </param>
            <param index="2">
              <value>
                <![CDATA[Username and password do not match]]>
              </value>
            </param>
          </params>
          <reporter-output>
          </reporter-output>
        </test-method> <!-- testInvalidLogin -->
        <test-method is-config="true" signature="tearDown()[pri:0, instance:com.softwrdassessment.tests.AuthTest@6079cf5]" started-at="2026-03-27T22:57:02 GMT+06:00" name="tearDown" finished-at="2026-03-27T22:57:02 GMT+06:00" duration-ms="83" status="PASS">
          <reporter-output>
          </reporter-output>
        </test-method> <!-- tearDown -->
        <test-method is-config="true" signature="setUp()[pri:0, instance:com.softwrdassessment.tests.AuthTest@6079cf5]" started-at="2026-03-27T22:57:02 GMT+06:00" name="setUp" finished-at="2026-03-27T22:57:04 GMT+06:00" duration-ms="2318" status="PASS">
          <reporter-output>
          </reporter-output>
        </test-method> <!-- setUp -->
        <test-method signature="testInvalidLogin(java.lang.String,java.lang.String,java.lang.String)[pri:2, instance:com.softwrdassessment.tests.AuthTest@6079cf5]" started-at="2026-03-27T22:57:04 GMT+06:00" name="testInvalidLogin" description="Login failure with invalid credentials" data-provider="invalidLoginData" finished-at="2026-03-27T22:57:05 GMT+06:00" duration-ms="177" status="PASS">
          <params>
            <param index="0">
              <value>
                <![CDATA[]]>
              </value>
            </param>
            <param index="1">
              <value>
                <![CDATA[secret_sauce]]>
              </value>
            </param>
            <param index="2">
              <value>
                <![CDATA[Username is required]]>
              </value>
            </param>
          </params>
          <reporter-output>
          </reporter-output>
        </test-method> <!-- testInvalidLogin -->
        <test-method is-config="true" signature="tearDown()[pri:0, instance:com.softwrdassessment.tests.AuthTest@6079cf5]" started-at="2026-03-27T22:57:05 GMT+06:00" name="tearDown" finished-at="2026-03-27T22:57:05 GMT+06:00" duration-ms="82" status="PASS">
          <reporter-output>
          </reporter-output>
        </test-method> <!-- tearDown -->
        <test-method is-config="true" signature="setUp()[pri:0, instance:com.softwrdassessment.tests.AuthTest@6079cf5]" started-at="2026-03-27T22:57:05 GMT+06:00" name="setUp" finished-at="2026-03-27T22:57:07 GMT+06:00" duration-ms="2161" status="PASS">
          <reporter-output>
          </reporter-output>
        </test-method> <!-- setUp -->
        <test-method signature="testInvalidLogin(java.lang.String,java.lang.String,java.lang.String)[pri:2, instance:com.softwrdassessment.tests.AuthTest@6079cf5]" started-at="2026-03-27T22:57:07 GMT+06:00" name="testInvalidLogin" description="Login failure with invalid credentials" data-provider="invalidLoginData" finished-at="2026-03-27T22:57:07 GMT+06:00" duration-ms="166" status="PASS">
          <params>
            <param index="0">
              <value>
                <![CDATA[standard_user]]>
              </value>
            </param>
            <param index="1">
              <value>
                <![CDATA[]]>
              </value>
            </param>
            <param index="2">
              <value>
                <![CDATA[Password is required]]>
              </value>
            </param>
          </params>
          <reporter-output>
          </reporter-output>
        </test-method> <!-- testInvalidLogin -->
        <test-method is-config="true" signature="tearDown()[pri:0, instance:com.softwrdassessment.tests.AuthTest@6079cf5]" started-at="2026-03-27T22:57:07 GMT+06:00" name="tearDown" finished-at="2026-03-27T22:57:07 GMT+06:00" duration-ms="81" status="PASS">
          <reporter-output>
          </reporter-output>
        </test-method> <!-- tearDown -->
        <test-method is-config="true" signature="setUp()[pri:0, instance:com.softwrdassessment.tests.AuthTest@6079cf5]" started-at="2026-03-27T22:57:07 GMT+06:00" name="setUp" finished-at="2026-03-27T22:57:09 GMT+06:00" duration-ms="2158" status="PASS">
          <reporter-output>
          </reporter-output>
        </test-method> <!-- setUp -->
        <test-method signature="testInvalidLogin(java.lang.String,java.lang.String,java.lang.String)[pri:2, instance:com.softwrdassessment.tests.AuthTest@6079cf5]" started-at="2026-03-27T22:57:09 GMT+06:00" name="testInvalidLogin" description="Login failure with invalid credentials" data-provider="invalidLoginData" finished-at="2026-03-27T22:57:09 GMT+06:00" duration-ms="170" status="PASS">
          <params>
            <param index="0">
              <value>
                <![CDATA[' OR 1=1 --]]>
              </value>
            </param>
            <param index="1">
              <value>
                <![CDATA[password]]>
              </value>
            </param>
            <param index="2">
              <value>
                <![CDATA[Username and password do not match]]>
              </value>
            </param>
          </params>
          <reporter-output>
          </reporter-output>
        </test-method> <!-- testInvalidLogin -->
        <test-method is-config="true" signature="tearDown()[pri:0, instance:com.softwrdassessment.tests.AuthTest@6079cf5]" started-at="2026-03-27T22:57:09 GMT+06:00" name="tearDown" finished-at="2026-03-27T22:57:10 GMT+06:00" duration-ms="82" status="PASS">
          <reporter-output>
          </reporter-output>
        </test-method> <!-- tearDown -->
        <test-method is-config="true" signature="setUp()[pri:0, instance:com.softwrdassessment.tests.AuthTest@6079cf5]" started-at="2026-03-27T22:57:10 GMT+06:00" name="setUp" finished-at="2026-03-27T22:57:12 GMT+06:00" duration-ms="2577" status="PASS">
          <reporter-output>
          </reporter-output>
        </test-method> <!-- setUp -->
        <test-method signature="testLockedOutUser()[pri:3, instance:com.softwrdassessment.tests.AuthTest@6079cf5]" started-at="2026-03-27T22:57:12 GMT+06:00" name="testLockedOutUser" description="Locked-out user behaviour" finished-at="2026-03-27T22:57:12 GMT+06:00" duration-ms="165" status="PASS">
          <reporter-output>
          </reporter-output>
        </test-method> <!-- testLockedOutUser -->
        <test-method is-config="true" signature="tearDown()[pri:0, instance:com.softwrdassessment.tests.AuthTest@6079cf5]" started-at="2026-03-27T22:57:12 GMT+06:00" name="tearDown" finished-at="2026-03-27T22:57:12 GMT+06:00" duration-ms="80" status="PASS">
          <reporter-output>
          </reporter-output>
        </test-method> <!-- tearDown -->
        <test-method is-config="true" signature="setUp()[pri:0, instance:com.softwrdassessment.tests.AuthTest@6079cf5]" started-at="2026-03-27T22:57:12 GMT+06:00" name="setUp" finished-at="2026-03-27T22:57:14 GMT+06:00" duration-ms="2128" status="PASS">
          <reporter-output>
          </reporter-output>
        </test-method> <!-- setUp -->
        <test-method signature="testSessionPersistenceAndLogout()[pri:4, instance:com.softwrdassessment.tests.AuthTest@6079cf5]" started-at="2026-03-27T22:57:14 GMT+06:00" name="testSessionPersistenceAndLogout" description="Session persistence and logout behaviour" finished-at="2026-03-27T22:57:16 GMT+06:00" duration-ms="1267" status="PASS">
          <reporter-output>
          </reporter-output>
        </test-method> <!-- testSessionPersistenceAndLogout -->
        <test-method is-config="true" signature="tearDown()[pri:0, instance:com.softwrdassessment.tests.AuthTest@6079cf5]" started-at="2026-03-27T22:57:16 GMT+06:00" name="tearDown" finished-at="2026-03-27T22:57:16 GMT+06:00" duration-ms="89" status="PASS">
          <reporter-output>
          </reporter-output>
        </test-method> <!-- tearDown -->
      </class> <!-- com.softwrdassessment.tests.AuthTest -->
      <class name="com.softwrdassessment.tests.PerformanceTest">
        <test-method is-config="true" signature="setUp()[pri:0, instance:com.softwrdassessment.tests.PerformanceTest@1e6308a9]" started-at="2026-03-27T22:57:16 GMT+06:00" name="setUp" finished-at="2026-03-27T22:57:18 GMT+06:00" duration-ms="2140" status="PASS">
          <reporter-output>
          </reporter-output>
        </test-method> <!-- setUp -->
        <test-method signature="testPerformanceGlitchUserLogin()[pri:1, instance:com.softwrdassessment.tests.PerformanceTest@1e6308a9]" started-at="2026-03-27T22:57:18 GMT+06:00" name="testPerformanceGlitchUserLogin" description="performance_glitch_user login completes successfully despite delay" finished-at="2026-03-27T22:57:23 GMT+06:00" duration-ms="5251" status="PASS">
          <reporter-output>
          </reporter-output>
        </test-method> <!-- testPerformanceGlitchUserLogin -->
        <test-method is-config="true" signature="tearDown()[pri:0, instance:com.softwrdassessment.tests.PerformanceTest@1e6308a9]" started-at="2026-03-27T22:57:23 GMT+06:00" name="tearDown" finished-at="2026-03-27T22:57:23 GMT+06:00" duration-ms="86" status="PASS">
          <reporter-output>
          </reporter-output>
        </test-method> <!-- tearDown -->
        <test-method is-config="true" signature="setUp()[pri:0, instance:com.softwrdassessment.tests.PerformanceTest@1e6308a9]" started-at="2026-03-27T22:57:23 GMT+06:00" name="setUp" finished-at="2026-03-27T22:57:25 GMT+06:00" duration-ms="2150" status="PASS">
          <reporter-output>
          </reporter-output>
        </test-method> <!-- setUp -->
        <test-method signature="testErrorUserActions()[pri:2, instance:com.softwrdassessment.tests.PerformanceTest@1e6308a9]" started-at="2026-03-27T22:57:25 GMT+06:00" name="testErrorUserActions" description="error_user encounters correct error states during checkout validation" finished-at="2026-03-27T22:57:46 GMT+06:00" duration-ms="21019" status="PASS">
          <reporter-output>
          </reporter-output>
        </test-method> <!-- testErrorUserActions -->
        <test-method is-config="true" signature="tearDown()[pri:0, instance:com.softwrdassessment.tests.PerformanceTest@1e6308a9]" started-at="2026-03-27T22:57:46 GMT+06:00" name="tearDown" finished-at="2026-03-27T22:57:57 GMT+06:00" duration-ms="10109" status="PASS">
          <reporter-output>
          </reporter-output>
        </test-method> <!-- tearDown -->
      </class> <!-- com.softwrdassessment.tests.PerformanceTest -->
      <class name="com.softwrdassessment.tests.CatalogTest">
        <test-method is-config="true" signature="setUp()[pri:0, instance:com.softwrdassessment.tests.CatalogTest@21fff664]" started-at="2026-03-27T22:56:42 GMT+06:00" name="setUp" finished-at="2026-03-27T22:56:44 GMT+06:00" duration-ms="2200" status="PASS">
          <reporter-output>
          </reporter-output>
        </test-method> <!-- setUp -->
        <test-method is-config="true" signature="loginStandardUser(java.lang.reflect.Method)[pri:0, instance:com.softwrdassessment.tests.CatalogTest@21fff664]" started-at="2026-03-27T22:56:44 GMT+06:00" name="loginStandardUser" finished-at="2026-03-27T22:56:44 GMT+06:00" duration-ms="227" status="PASS">
          <params>
            <param index="0">
              <value>
                <![CDATA[public void com.softwrdassessment.tests.CatalogTest.testProductListingLoads()]]>
              </value>
            </param>
          </params>
          <reporter-output>
          </reporter-output>
        </test-method> <!-- loginStandardUser -->
        <test-method signature="testProductListingLoads()[pri:1, instance:com.softwrdassessment.tests.CatalogTest@21fff664]" started-at="2026-03-27T22:56:44 GMT+06:00" name="testProductListingLoads" description="Product listing loads correctly" finished-at="2026-03-27T22:56:44 GMT+06:00" duration-ms="95" status="PASS">
          <reporter-output>
          </reporter-output>
        </test-method> <!-- testProductListingLoads -->
        <test-method is-config="true" signature="tearDown()[pri:0, instance:com.softwrdassessment.tests.CatalogTest@21fff664]" started-at="2026-03-27T22:56:44 GMT+06:00" name="tearDown" finished-at="2026-03-27T22:56:45 GMT+06:00" duration-ms="83" status="PASS">
          <reporter-output>
          </reporter-output>
        </test-method> <!-- tearDown -->
        <test-method is-config="true" signature="setUp()[pri:0, instance:com.softwrdassessment.tests.CatalogTest@21fff664]" started-at="2026-03-27T22:56:45 GMT+06:00" name="setUp" finished-at="2026-03-27T22:56:47 GMT+06:00" duration-ms="2162" status="PASS">
          <reporter-output>
          </reporter-output>
        </test-method> <!-- setUp -->
        <test-method is-config="true" signature="loginStandardUser(java.lang.reflect.Method)[pri:0, instance:com.softwrdassessment.tests.CatalogTest@21fff664]" started-at="2026-03-27T22:56:47 GMT+06:00" name="loginStandardUser" finished-at="2026-03-27T22:56:47 GMT+06:00" duration-ms="220" status="PASS">
          <params>
            <param index="0">
              <value>
                <![CDATA[public void com.softwrdassessment.tests.CatalogTest.testSortNameAZ()]]>
              </value>
            </param>
          </params>
          <reporter-output>
          </reporter-output>
        </test-method> <!-- loginStandardUser -->
        <test-method signature="testSortNameAZ()[pri:2, instance:com.softwrdassessment.tests.CatalogTest@21fff664]" started-at="2026-03-27T22:56:47 GMT+06:00" name="testSortNameAZ" description="Sorting by Name A -&gt; Z" finished-at="2026-03-27T22:56:47 GMT+06:00" duration-ms="57" status="PASS">
          <reporter-output>
          </reporter-output>
        </test-method> <!-- testSortNameAZ -->
        <test-method is-config="true" signature="tearDown()[pri:0, instance:com.softwrdassessment.tests.CatalogTest@21fff664]" started-at="2026-03-27T22:56:47 GMT+06:00" name="tearDown" finished-at="2026-03-27T22:56:47 GMT+06:00" duration-ms="83" status="PASS">
          <reporter-output>
          </reporter-output>
        </test-method> <!-- tearDown -->
        <test-method is-config="true" signature="setUp()[pri:0, instance:com.softwrdassessment.tests.CatalogTest@21fff664]" started-at="2026-03-27T22:56:47 GMT+06:00" name="setUp" finished-at="2026-03-27T22:56:49 GMT+06:00" duration-ms="2250" status="PASS">
          <reporter-output>
          </reporter-output>
        </test-method> <!-- setUp -->
        <test-method is-config="true" signature="loginStandardUser(java.lang.reflect.Method)[pri:0, instance:com.softwrdassessment.tests.CatalogTest@21fff664]" started-at="2026-03-27T22:56:49 GMT+06:00" name="loginStandardUser" finished-at="2026-03-27T22:56:50 GMT+06:00" duration-ms="221" status="PASS">
          <params>
            <param index="0">
              <value>
                <![CDATA[public void com.softwrdassessment.tests.CatalogTest.testSortNameZA()]]>
              </value>
            </param>
          </params>
          <reporter-output>
          </reporter-output>
        </test-method> <!-- loginStandardUser -->
        <test-method signature="testSortNameZA()[pri:3, instance:com.softwrdassessment.tests.CatalogTest@21fff664]" started-at="2026-03-27T22:56:50 GMT+06:00" name="testSortNameZA" description="Sorting by Name Z -&gt; A" finished-at="2026-03-27T22:56:50 GMT+06:00" duration-ms="63" status="PASS">
          <reporter-output>
          </reporter-output>
        </test-method> <!-- testSortNameZA -->
        <test-method is-config="true" signature="tearDown()[pri:0, instance:com.softwrdassessment.tests.CatalogTest@21fff664]" started-at="2026-03-27T22:56:50 GMT+06:00" name="tearDown" finished-at="2026-03-27T22:56:50 GMT+06:00" duration-ms="83" status="PASS">
          <reporter-output>
          </reporter-output>
        </test-method> <!-- tearDown -->
        <test-method is-config="true" signature="setUp()[pri:0, instance:com.softwrdassessment.tests.CatalogTest@21fff664]" started-at="2026-03-27T22:56:50 GMT+06:00" name="setUp" finished-at="2026-03-27T22:56:52 GMT+06:00" duration-ms="2182" status="PASS">
          <reporter-output>
          </reporter-output>
        </test-method> <!-- setUp -->
        <test-method is-config="true" signature="loginStandardUser(java.lang.reflect.Method)[pri:0, instance:com.softwrdassessment.tests.CatalogTest@21fff664]" started-at="2026-03-27T22:56:52 GMT+06:00" name="loginStandardUser" finished-at="2026-03-27T22:56:52 GMT+06:00" duration-ms="227" status="PASS">
          <params>
            <param index="0">
              <value>
                <![CDATA[public void com.softwrdassessment.tests.CatalogTest.testSortPriceLowToHigh()]]>
              </value>
            </param>
          </params>
          <reporter-output>
          </reporter-output>
        </test-method> <!-- loginStandardUser -->
        <test-method signature="testSortPriceLowToHigh()[pri:4, instance:com.softwrdassessment.tests.CatalogTest@21fff664]" started-at="2026-03-27T22:56:52 GMT+06:00" name="testSortPriceLowToHigh" description="Sorting by Price Low -&gt; High" finished-at="2026-03-27T22:56:52 GMT+06:00" duration-ms="62" status="PASS">
          <reporter-output>
          </reporter-output>
        </test-method> <!-- testSortPriceLowToHigh -->
        <test-method is-config="true" signature="tearDown()[pri:0, instance:com.softwrdassessment.tests.CatalogTest@21fff664]" started-at="2026-03-27T22:56:52 GMT+06:00" name="tearDown" finished-at="2026-03-27T22:56:52 GMT+06:00" duration-ms="84" status="PASS">
          <reporter-output>
          </reporter-output>
        </test-method> <!-- tearDown -->
        <test-method is-config="true" signature="setUp()[pri:0, instance:com.softwrdassessment.tests.CatalogTest@21fff664]" started-at="2026-03-27T22:56:52 GMT+06:00" name="setUp" finished-at="2026-03-27T22:56:54 GMT+06:00" duration-ms="2119" status="PASS">
          <reporter-output>
          </reporter-output>
        </test-method> <!-- setUp -->
        <test-method is-config="true" signature="loginStandardUser(java.lang.reflect.Method)[pri:0, instance:com.softwrdassessment.tests.CatalogTest@21fff664]" started-at="2026-03-27T22:56:54 GMT+06:00" name="loginStandardUser" finished-at="2026-03-27T22:56:55 GMT+06:00" duration-ms="238" status="PASS">
          <params>
            <param index="0">
              <value>
                <![CDATA[public void com.softwrdassessment.tests.CatalogTest.testSortPriceHighToLow()]]>
              </value>
            </param>
          </params>
          <reporter-output>
          </reporter-output>
        </test-method> <!-- loginStandardUser -->
        <test-method signature="testSortPriceHighToLow()[pri:5, instance:com.softwrdassessment.tests.CatalogTest@21fff664]" started-at="2026-03-27T22:56:55 GMT+06:00" name="testSortPriceHighToLow" description="Sorting by Price High -&gt; Low" finished-at="2026-03-27T22:56:55 GMT+06:00" duration-ms="61" status="PASS">
          <reporter-output>
          </reporter-output>
        </test-method> <!-- testSortPriceHighToLow -->
        <test-method is-config="true" signature="tearDown()[pri:0, instance:com.softwrdassessment.tests.CatalogTest@21fff664]" started-at="2026-03-27T22:56:55 GMT+06:00" name="tearDown" finished-at="2026-03-27T22:56:55 GMT+06:00" duration-ms="83" status="PASS">
          <reporter-output>
          </reporter-output>
        </test-method> <!-- tearDown -->
        <test-method is-config="true" signature="setUp()[pri:0, instance:com.softwrdassessment.tests.CatalogTest@21fff664]" started-at="2026-03-27T22:56:55 GMT+06:00" name="setUp" finished-at="2026-03-27T22:56:57 GMT+06:00" duration-ms="2147" status="PASS">
          <reporter-output>
          </reporter-output>
        </test-method> <!-- setUp -->
        <test-method is-config="true" signature="loginStandardUser(java.lang.reflect.Method)[pri:0, instance:com.softwrdassessment.tests.CatalogTest@21fff664]" started-at="2026-03-27T22:56:57 GMT+06:00" name="loginStandardUser" finished-at="2026-03-27T22:56:57 GMT+06:00" duration-ms="1" status="PASS">
          <params>
            <param index="0">
              <value>
                <![CDATA[public void com.softwrdassessment.tests.CatalogTest.testProblemUserImages()]]>
              </value>
            </param>
          </params>
          <reporter-output>
          </reporter-output>
        </test-method> <!-- loginStandardUser -->
        <test-method signature="testProblemUserImages()[pri:6, instance:com.softwrdassessment.tests.CatalogTest@21fff664]" started-at="2026-03-27T22:56:57 GMT+06:00" name="testProblemUserImages" description="Problem user visual regression - mismatched images" finished-at="2026-03-27T22:56:57 GMT+06:00" duration-ms="244" status="PASS">
          <reporter-output>
          </reporter-output>
        </test-method> <!-- testProblemUserImages -->
        <test-method is-config="true" signature="tearDown()[pri:0, instance:com.softwrdassessment.tests.CatalogTest@21fff664]" started-at="2026-03-27T22:56:57 GMT+06:00" name="tearDown" finished-at="2026-03-27T22:56:57 GMT+06:00" duration-ms="83" status="PASS">
          <reporter-output>
          </reporter-output>
        </test-method> <!-- tearDown -->
      </class> <!-- com.softwrdassessment.tests.CatalogTest -->
    </test> <!-- All Tests -->
  </suite> <!-- SauceDemo Test Suite -->
</testng-results>
