<?xml version="1.0" encoding="UTF-8"?>
<!-- Generated by org.testng.reporters.JUnitReportReporter -->
<testsuite hostname="Rufais-MacBook-Air.local" failures="0" tests="6" name="com.softwrdassessment.tests.CatalogTest" time="15.275" errors="0" timestamp="2026-03-27T22:58:07 GMT+06:00" skipped="0">
  <testcase classname="com.softwrdassessment.tests.CatalogTest" name="testProductListingLoads" time="2.552"/>
  <testcase classname="com.softwrdassessment.tests.CatalogTest" name="testSortNameAZ" time="2.610"/>
  <testcase classname="com.softwrdassessment.tests.CatalogTest" name="testSortNameZA" time="2.566"/>
  <testcase classname="com.softwrdassessment.tests.CatalogTest" name="testSortPriceLowToHigh" time="2.534"/>
  <testcase classname="com.softwrdassessment.tests.CatalogTest" name="testSortPriceHighToLow" time="2.345"/>
  <testcase classname="com.softwrdassessment.tests.CatalogTest" name="testProblemUserImages" time="2.668"/>
</testsuite> <!-- com.softwrdassessment.tests.CatalogTest -->
