<?xml version="1.0" encoding="UTF-8"?>
<!-- Generated by org.testng.reporters.JUnitReportReporter -->
<testsuite hostname="Rufais-MacBook-Air.local" failures="0" tests="7" name="com.softwrdassessment.tests.AuthTest" time="18.591" errors="0" timestamp="2026-03-27T22:58:07 GMT+06:00" skipped="0">
  <testcase classname="com.softwrdassessment.tests.AuthTest" name="testSuccessfulLogin" time="2.510"/>
  <testcase classname="com.softwrdassessment.tests.AuthTest" name="testInvalidLogin" time="2.410"/>
  <testcase classname="com.softwrdassessment.tests.AuthTest" name="testInvalidLogin" time="2.427"/>
  <testcase classname="com.softwrdassessment.tests.AuthTest" name="testInvalidLogin" time="2.376"/>
  <testcase classname="com.softwrdassessment.tests.AuthTest" name="testInvalidLogin" time="2.380"/>
  <testcase classname="com.softwrdassessment.tests.AuthTest" name="testLockedOutUser" time="2.823"/>
  <testcase classname="com.softwrdassessment.tests.AuthTest" name="testSessionPersistenceAndLogout" time="3.665"/>
</testsuite> <!-- com.softwrdassessment.tests.AuthTest -->
