<?xml version="1.0" encoding="UTF-8"?>
<!-- Generated by org.testng.reporters.JUnitReportReporter -->
<testsuite hostname="Rufais-MacBook-Air.local" failures="0" tests="6" name="com.softwrdassessment.tests.CatalogTest" time="71.542" errors="0" timestamp="2026-03-27T21:18:04 GMT+06:00" skipped="0">
  <testcase classname="com.softwrdassessment.tests.CatalogTest" name="testProductListingLoads" time="12.942"/>
  <testcase classname="com.softwrdassessment.tests.CatalogTest" name="testSortNameAZ" time="7.522"/>
  <testcase classname="com.softwrdassessment.tests.CatalogTest" name="testSortNameZA" time="4.274"/>
  <testcase classname="com.softwrdassessment.tests.CatalogTest" name="testSortPriceLowToHigh" time="18.424"/>
  <testcase classname="com.softwrdassessment.tests.CatalogTest" name="testSortPriceHighToLow" time="21.218"/>
  <testcase classname="com.softwrdassessment.tests.CatalogTest" name="testProblemUserImages" time="7.162"/>
</testsuite> <!-- com.softwrdassessment.tests.CatalogTest -->
