<?xml version="1.0" encoding="UTF-8"?>
<!-- Generated by org.testng.reporters.JUnitReportReporter -->
<testsuite hostname="Rufais-MacBook-Air.local" failures="0" tests="5" name="com.softwrdassessment.tests.CheckoutTest" time="43.955" errors="0" timestamp="2026-03-27T21:18:04 GMT+06:00" skipped="0">
  <testcase classname="com.softwrdassessment.tests.CheckoutTest" name="testFullPurchaseFlow" time="12.925"/>
  <testcase classname="com.softwrdassessment.tests.CheckoutTest" name="testCheckoutBlockedMissingFields" time="5.114"/>
  <testcase classname="com.softwrdassessment.tests.CheckoutTest" name="testCheckoutBlockedMissingFields" time="4.064"/>
  <testcase classname="com.softwrdassessment.tests.CheckoutTest" name="testCheckoutBlockedMissingFields" time="13.265"/>
  <testcase classname="com.softwrdassessment.tests.CheckoutTest" name="testOrderSummaryMath" time="8.587"/>
</testsuite> <!-- com.softwrdassessment.tests.CheckoutTest -->
