<?xml version="1.0" encoding="UTF-8"?>
<!-- Generated by org.testng.reporters.JUnitReportReporter -->
<testsuite hostname="Rufais-MacBook-Air.local" failures="0" tests="7" name="com.softwrdassessment.tests.AuthTest" time="86.458" errors="0" timestamp="2026-03-27T21:18:04 GMT+06:00" skipped="0">
  <testcase classname="com.softwrdassessment.tests.AuthTest" name="testSuccessfulLogin" time="5.083"/>
  <testcase classname="com.softwrdassessment.tests.AuthTest" name="testInvalidLogin" time="13.480"/>
  <testcase classname="com.softwrdassessment.tests.AuthTest" name="testInvalidLogin" time="4.120"/>
  <testcase classname="com.softwrdassessment.tests.AuthTest" name="testInvalidLogin" time="24.672"/>
  <testcase classname="com.softwrdassessment.tests.AuthTest" name="testInvalidLogin" time="10.932"/>
  <testcase classname="com.softwrdassessment.tests.AuthTest" name="testLockedOutUser" time="14.859"/>
  <testcase classname="com.softwrdassessment.tests.AuthTest" name="testSessionPersistenceAndLogout" time="13.312"/>
</testsuite> <!-- com.softwrdassessment.tests.AuthTest -->
