<?xml version="1.0" encoding="UTF-8"?>
<!-- Generated by org.testng.reporters.JUnitReportReporter -->
<testsuite hostname="Rufais-MacBook-Air.local" failures="0" tests="4" name="com.softwrdassessment.tests.CartTest" time="11.804" errors="0" timestamp="2026-03-27T21:18:04 GMT+06:00" skipped="0">
  <testcase classname="com.softwrdassessment.tests.CartTest" name="testAddSingleItem" time="2.987"/>
  <testcase classname="com.softwrdassessment.tests.CartTest" name="testAddMultipleItems" time="2.850"/>
  <testcase classname="com.softwrdassessment.tests.CartTest" name="testRemoveItem" time="2.769"/>
  <testcase classname="com.softwrdassessment.tests.CartTest" name="testCartPersistence" time="3.198"/>
</testsuite> <!-- com.softwrdassessment.tests.CartTest -->
