<?xml version="1.0" encoding="UTF-8"?>
<!-- Generated by org.testng.reporters.JUnitReportReporter -->
<testsuite hostname="Rufais-MacBook-Air.local" failures="0" tests="5" name="com.softwrdassessment.tests.CheckoutTest" time="16.943" errors="0" timestamp="2026-03-27T22:58:07 GMT+06:00" skipped="0">
  <testcase classname="com.softwrdassessment.tests.CheckoutTest" name="testFullPurchaseFlow" time="2.865"/>
  <testcase classname="com.softwrdassessment.tests.CheckoutTest" name="testCheckoutBlockedMissingFields" time="2.689"/>
  <testcase classname="com.softwrdassessment.tests.CheckoutTest" name="testCheckoutBlockedMissingFields" time="5.925"/>
  <testcase classname="com.softwrdassessment.tests.CheckoutTest" name="testCheckoutBlockedMissingFields" time="2.783"/>
  <testcase classname="com.softwrdassessment.tests.CheckoutTest" name="testOrderSummaryMath" time="2.681"/>
</testsuite> <!-- com.softwrdassessment.tests.CheckoutTest -->
