<?xml version="1.0" encoding="UTF-8"?>
<!-- Generated by org.testng.reporters.JUnitReportReporter -->
<testsuite hostname="Rufais-MacBook-Air.local" failures="0" tests="2" name="com.softwrdassessment.tests.PerformanceTest" time="44.395" errors="0" timestamp="2026-03-27T21:18:04 GMT+06:00" skipped="0">
  <testcase classname="com.softwrdassessment.tests.PerformanceTest" name="testPerformanceGlitchUserLogin" time="10.702"/>
  <testcase classname="com.softwrdassessment.tests.PerformanceTest" name="testErrorUserActions" time="33.693"/>
</testsuite> <!-- com.softwrdassessment.tests.PerformanceTest -->
